# JRE version: OpenJDK Runtime Environment (11.0.10) (build 11.0.10+0-b96-7249189)
# Java VM: OpenJDK 64-Bit Server VM (11.0.10+0-b96-7249189, mixed mode, tiered, compressed oops, g1 gc, windows-amd64)
Heap:
 garbage-first heap   total 780288K, used 160650K [0x0000000080000000, 0x0000000100000000)
  region size 1024K, 12 young (12288K), 12 survivors (12288K)
 Metaspace       used 105689K, capacity 108523K, committed 108748K, reserved 1142784K
  class space    used 13598K, capacity 14708K, committed 14796K, reserved 1048576K
GC Heap History (20 events):
Event: 18.838 GC heap after
{Heap after GC invocations=33 (full 0):
 garbage-first heap   total 187392K, used 129394K [0x0000000080000000, 0x0000000100000000)
  region size 1024K, 4 young (4096K), 4 survivors (4096K)
 Metaspace       used 99274K, capacity 101730K, committed 102220K, reserved 1138688K
  class space    used 12779K, capacity 13733K, committed 13900K, reserved 1048576K
}
Event: 18.860 GC heap before
{Heap before GC invocations=33 (full 0):
 garbage-first heap   total 187392K, used 134514K [0x0000000080000000, 0x0000000100000000)
  region size 1024K, 9 young (9216K), 4 survivors (4096K)
 Metaspace       used 99395K, capacity 101908K, committed 102220K, reserved 1138688K
  class space    used 12798K, capacity 13772K, committed 13900K, reserved 1048576K
}
Event: 18.870 GC heap after
{Heap after GC invocations=34 (full 0):
 garbage-first heap   total 187392K, used 127859K [0x0000000080000000, 0x0000000100000000)
  region size 1024K, 2 young (2048K), 2 survivors (2048K)
 Metaspace       used 99395K, capacity 101908K, committed 102220K, reserved 1138688K
  class space    used 12798K, capacity 13772K, committed 13900K, reserved 1048576K
}
Event: 18.916 GC heap before
{Heap before GC invocations=34 (full 0):
 garbage-first heap   total 187392K, used 153459K [0x0000000080000000, 0x0000000100000000)
  region size 1024K, 27 young (27648K), 2 survivors (2048K)
 Metaspace       used 99768K, capacity 102256K, committed 102604K, reserved 1138688K
  class space    used 12890K, capacity 13872K, committed 14028K, reserved 1048576K
}
Event: 18.945 GC heap after
{Heap after GC invocations=35 (full 0):
 garbage-first heap   total 225280K, used 132706K [0x0000000080000000, 0x0000000100000000)
  region size 1024K, 4 young (4096K), 4 survivors (4096K)
 Metaspace       used 99768K, capacity 102256K, committed 102604K, reserved 1138688K
  class space    used 12890K, capacity 13872K, committed 14028K, reserved 1048576K
}
Event: 19.140 GC heap before
{Heap before GC invocations=35 (full 0):
 garbage-first heap   total 225280K, used 173666K [0x0000000080000000, 0x0000000100000000)
  region size 1024K, 44 young (45056K), 4 survivors (4096K)
 Metaspace       used 101404K, capacity 104082K, committed 104396K, reserved 1138688K
  class space    used 13153K, capacity 14202K, committed 14284K, reserved 1048576K
}
Event: 19.151 GC heap after
{Heap after GC invocations=36 (full 0):
 garbage-first heap   total 225280K, used 139229K [0x0000000080000000, 0x0000000100000000)
  region size 1024K, 6 young (6144K), 6 survivors (6144K)
 Metaspace       used 101404K, capacity 104082K, committed 104396K, reserved 1138688K
  class space    used 13153K, capacity 14202K, committed 14284K, reserved 1048576K
}
Event: 19.288 GC heap before
{Heap before GC invocations=37 (full 0):
 garbage-first heap   total 225280K, used 178141K [0x0000000080000000, 0x0000000100000000)
  region size 1024K, 44 young (45056K), 6 survivors (6144K)
 Metaspace       used 101864K, capacity 104533K, committed 104652K, reserved 1140736K
  class space    used 13226K, capacity 14263K, committed 14284K, reserved 1048576K
}
Event: 19.299 GC heap after
{Heap after GC invocations=38 (full 0):
 garbage-first heap   total 225280K, used 144569K [0x0000000080000000, 0x0000000100000000)
  region size 1024K, 6 young (6144K), 6 survivors (6144K)
 Metaspace       used 101864K, capacity 104533K, committed 104652K, reserved 1140736K
  class space    used 13226K, capacity 14263K, committed 14284K, reserved 1048576K
}
Event: 19.388 GC heap before
{Heap before GC invocations=38 (full 0):
 garbage-first heap   total 225280K, used 181433K [0x0000000080000000, 0x0000000100000000)
  region size 1024K, 42 young (43008K), 6 survivors (6144K)
 Metaspace       used 102138K, capacity 104811K, committed 105036K, reserved 1140736K
  class space    used 13260K, capacity 14311K, committed 14412K, reserved 1048576K
}
Event: 19.399 GC heap after
{Heap after GC invocations=39 (full 0):
 garbage-first heap   total 225280K, used 149260K [0x0000000080000000, 0x0000000100000000)
  region size 1024K, 5 young (5120K), 5 survivors (5120K)
 Metaspace       used 102138K, capacity 104811K, committed 105036K, reserved 1140736K
  class space    used 13260K, capacity 14311K, committed 14412K, reserved 1048576K
}
Event: 19.657 GC heap before
{Heap before GC invocations=39 (full 0):
 garbage-first heap   total 225280K, used 184076K [0x0000000080000000, 0x0000000100000000)
  region size 1024K, 40 young (40960K), 5 survivors (5120K)
 Metaspace       used 103698K, capacity 106501K, committed 106700K, reserved 1140736K
  class space    used 13450K, capacity 14526K, committed 14540K, reserved 1048576K
}
Event: 19.695 GC heap after
{Heap after GC invocations=40 (full 0):
 garbage-first heap   total 450560K, used 150146K [0x0000000080000000, 0x0000000100000000)
  region size 1024K, 2 young (2048K), 2 survivors (2048K)
 Metaspace       used 103698K, capacity 106501K, committed 106700K, reserved 1140736K
  class space    used 13450K, capacity 14526K, committed 14540K, reserved 1048576K
}
Event: 20.294 GC heap before
{Heap before GC invocations=41 (full 0):
 garbage-first heap   total 450560K, used 275074K [0x0000000080000000, 0x0000000100000000)
  region size 1024K, 125 young (128000K), 2 survivors (2048K)
 Metaspace       used 104246K, capacity 107031K, committed 107084K, reserved 1142784K
  class space    used 13526K, capacity 14618K, committed 14668K, reserved 1048576K
}
Event: 20.317 GC heap after
{Heap after GC invocations=42 (full 0):
 garbage-first heap   total 450560K, used 156492K [0x0000000080000000, 0x0000000100000000)
  region size 1024K, 8 young (8192K), 8 survivors (8192K)
 Metaspace       used 104246K, capacity 107031K, committed 107084K, reserved 1142784K
  class space    used 13526K, capacity 14618K, committed 14668K, reserved 1048576K
}
Event: 21.170 GC heap before
{Heap before GC invocations=42 (full 0):
 garbage-first heap   total 450560K, used 343884K [0x0000000080000000, 0x0000000100000000)
  region size 1024K, 192 young (196608K), 8 survivors (8192K)
 Metaspace       used 104889K, capacity 107722K, committed 107852K, reserved 1142784K
  class space    used 13555K, capacity 14667K, committed 14668K, reserved 1048576K
}
Event: 21.179 GC heap after
{Heap after GC invocations=43 (full 0):
 garbage-first heap   total 450560K, used 157121K [0x0000000080000000, 0x0000000100000000)
  region size 1024K, 9 young (9216K), 9 survivors (9216K)
 Metaspace       used 104889K, capacity 107722K, committed 107852K, reserved 1142784K
  class space    used 13555K, capacity 14667K, committed 14668K, reserved 1048576K
}
Event: 21.481 GC heap before
{Heap before GC invocations=43 (full 0):
 garbage-first heap   total 450560K, used 348609K [0x0000000080000000, 0x0000000100000000)
  region size 1024K, 196 young (200704K), 9 survivors (9216K)
 Metaspace       used 105326K, capacity 108108K, committed 108236K, reserved 1142784K
  class space    used 13591K, capacity 14708K, committed 14796K, reserved 1048576K
}
Event: 21.490 GC heap after
{Heap after GC invocations=44 (full 0):
 garbage-first heap   total 450560K, used 158720K [0x0000000080000000, 0x0000000100000000)
  region size 1024K, 10 young (10240K), 10 survivors (10240K)
 Metaspace       used 105326K, capacity 108108K, committed 108236K, reserved 1142784K
  class space    used 13591K, capacity 14708K, committed 14796K, reserved 1048576K
}
Event: 21.775 GC heap before
{Heap before GC invocations=44 (full 0):
 garbage-first heap   total 450560K, used 358400K [0x0000000080000000, 0x0000000100000000)
  region size 1024K, 205 young (209920K), 10 survivors (10240K)
 Metaspace       used 105689K, capacity 108523K, committed 108748K, reserved 1142784K
  class space    used 13598K, capacity 14708K, committed 14796K, reserved 1048576K
}

