# JRE version: OpenJDK Runtime Environment (11.0.10) (build 11.0.10+0-b96-7249189)
# Java VM: OpenJDK 64-Bit Server VM (11.0.10+0-b96-7249189, mixed mode, tiered, compressed oops, g1 gc, windows-amd64)
Heap:
 garbage-first heap   total 225280K, used 126976K [0x0000000080000000, 0x0000000100000000)
  region size 1024K, 51 young (52224K), 12 survivors (12288K)
 Metaspace       used 85432K, capacity 87795K, committed 88012K, reserved 1126400K
  class space    used 11043K, capacity 11902K, committed 11980K, reserved 1048576K
GC Heap History (20 events):
Event: 3.936 GC heap before
{Heap before GC invocations=9 (full 0):
 garbage-first heap   total 155648K, used 101031K [0x0000000080000000, 0x0000000100000000)
  region size 1024K, 80 young (81920K), 9 survivors (9216K)
 Metaspace       used 46289K, capacity 47464K, committed 47692K, reserved 1091584K
  class space    used 5934K, capacity 6365K, committed 6476K, reserved 1048576K
}
Event: 3.944 GC heap after
{Heap after GC invocations=10 (full 0):
 garbage-first heap   total 155648K, used 29843K [0x0000000080000000, 0x0000000100000000)
  region size 1024K, 8 young (8192K), 8 survivors (8192K)
 Metaspace       used 46289K, capacity 47464K, committed 47692K, reserved 1091584K
  class space    used 5934K, capacity 6365K, committed 6476K, reserved 1048576K
}
Event: 4.952 GC heap before
{Heap before GC invocations=10 (full 0):
 garbage-first heap   total 155648K, used 112787K [0x0000000080000000, 0x0000000100000000)
  region size 1024K, 86 young (88064K), 8 survivors (8192K)
 Metaspace       used 53572K, capacity 54984K, committed 55244K, reserved 1097728K
  class space    used 6828K, capacity 7359K, committed 7372K, reserved 1048576K
}
Event: 4.964 GC heap after
{Heap after GC invocations=11 (full 0):
 garbage-first heap   total 155648K, used 42723K [0x0000000080000000, 0x0000000100000000)
  region size 1024K, 11 young (11264K), 11 survivors (11264K)
 Metaspace       used 53572K, capacity 54984K, committed 55244K, reserved 1097728K
  class space    used 6828K, capacity 7359K, committed 7372K, reserved 1048576K
}
Event: 5.342 GC heap before
{Heap before GC invocations=11 (full 0):
 garbage-first heap   total 155648K, used 71395K [0x0000000080000000, 0x0000000100000000)
  region size 1024K, 40 young (40960K), 11 survivors (11264K)
 Metaspace       used 58647K, capacity 60168K, committed 60236K, reserved 1101824K
  class space    used 7413K, capacity 7975K, committed 8012K, reserved 1048576K
}
Event: 5.355 GC heap after
{Heap after GC invocations=12 (full 0):
 garbage-first heap   total 187392K, used 44576K [0x0000000080000000, 0x0000000100000000)
  region size 1024K, 2 young (2048K), 2 survivors (2048K)
 Metaspace       used 58647K, capacity 60168K, committed 60236K, reserved 1101824K
  class space    used 7413K, capacity 7975K, committed 8012K, reserved 1048576K
}
Event: 5.952 GC heap before
{Heap before GC invocations=13 (full 0):
 garbage-first heap   total 187392K, used 113184K [0x0000000080000000, 0x0000000100000000)
  region size 1024K, 69 young (70656K), 2 survivors (2048K)
 Metaspace       used 64349K, capacity 65903K, committed 66124K, reserved 1105920K
  class space    used 8154K, capacity 8698K, committed 8780K, reserved 1048576K
}
Event: 5.958 GC heap after
{Heap after GC invocations=14 (full 0):
 garbage-first heap   total 187392K, used 49575K [0x0000000080000000, 0x0000000100000000)
  region size 1024K, 7 young (7168K), 7 survivors (7168K)
 Metaspace       used 64349K, capacity 65903K, committed 66124K, reserved 1105920K
  class space    used 8154K, capacity 8698K, committed 8780K, reserved 1048576K
}
Event: 6.603 GC heap before
{Heap before GC invocations=14 (full 0):
 garbage-first heap   total 187392K, used 119207K [0x0000000080000000, 0x0000000100000000)
  region size 1024K, 75 young (76800K), 7 survivors (7168K)
 Metaspace       used 69976K, capacity 71620K, committed 71884K, reserved 1112064K
  class space    used 9021K, capacity 9636K, committed 9676K, reserved 1048576K
}
Event: 6.611 GC heap after
{Heap after GC invocations=15 (full 0):
 garbage-first heap   total 187392K, used 55422K [0x0000000080000000, 0x0000000100000000)
  region size 1024K, 6 young (6144K), 6 survivors (6144K)
 Metaspace       used 69976K, capacity 71620K, committed 71884K, reserved 1112064K
  class space    used 9021K, capacity 9636K, committed 9676K, reserved 1048576K
}
Event: 7.147 GC heap before
{Heap before GC invocations=15 (full 0):
 garbage-first heap   total 187392K, used 126078K [0x0000000080000000, 0x0000000100000000)
  region size 1024K, 75 young (76800K), 6 survivors (6144K)
 Metaspace       used 75328K, capacity 77106K, committed 77260K, reserved 1116160K
  class space    used 9786K, capacity 10428K, committed 10444K, reserved 1048576K
}
Event: 7.154 GC heap after
{Heap after GC invocations=16 (full 0):
 garbage-first heap   total 187392K, used 59810K [0x0000000080000000, 0x0000000100000000)
  region size 1024K, 5 young (5120K), 5 survivors (5120K)
 Metaspace       used 75328K, capacity 77106K, committed 77260K, reserved 1116160K
  class space    used 9786K, capacity 10428K, committed 10444K, reserved 1048576K
}
Event: 7.984 GC heap before
{Heap before GC invocations=16 (full 0):
 garbage-first heap   total 187392K, used 131490K [0x0000000080000000, 0x0000000100000000)
  region size 1024K, 75 young (76800K), 5 survivors (5120K)
 Metaspace       used 80970K, capacity 83037K, committed 83276K, reserved 1122304K
  class space    used 10517K, capacity 11291K, committed 11340K, reserved 1048576K
}
Event: 7.994 GC heap after
{Heap after GC invocations=17 (full 0):
 garbage-first heap   total 187392K, used 66691K [0x0000000080000000, 0x0000000100000000)
  region size 1024K, 10 young (10240K), 10 survivors (10240K)
 Metaspace       used 80970K, capacity 83037K, committed 83276K, reserved 1122304K
  class space    used 10517K, capacity 11291K, committed 11340K, reserved 1048576K
}
Event: 8.738 GC heap before
{Heap before GC invocations=17 (full 0):
 garbage-first heap   total 187392K, used 135299K [0x0000000080000000, 0x0000000100000000)
  region size 1024K, 78 young (79872K), 10 survivors (10240K)
 Metaspace       used 82325K, capacity 84443K, committed 84684K, reserved 1122304K
  class space    used 10655K, capacity 11434K, committed 11468K, reserved 1048576K
}
Event: 8.750 GC heap after
{Heap after GC invocations=18 (full 0):
 garbage-first heap   total 187392K, used 72099K [0x0000000080000000, 0x0000000100000000)
  region size 1024K, 6 young (6144K), 6 survivors (6144K)
 Metaspace       used 82325K, capacity 84443K, committed 84684K, reserved 1122304K
  class space    used 10655K, capacity 11434K, committed 11468K, reserved 1048576K
}
Event: 9.449 GC heap before
{Heap before GC invocations=18 (full 0):
 garbage-first heap   total 187392K, used 140707K [0x0000000080000000, 0x0000000100000000)
  region size 1024K, 73 young (74752K), 6 survivors (6144K)
 Metaspace       used 83092K, capacity 85366K, committed 85580K, reserved 1124352K
  class space    used 10702K, capacity 11521K, committed 11596K, reserved 1048576K
}
Event: 9.470 GC heap after
{Heap after GC invocations=19 (full 0):
 garbage-first heap   total 225280K, used 75917K [0x0000000080000000, 0x0000000100000000)
  region size 1024K, 9 young (9216K), 9 survivors (9216K)
 Metaspace       used 83092K, capacity 85366K, committed 85580K, reserved 1124352K
  class space    used 10702K, capacity 11521K, committed 11596K, reserved 1048576K
}
Event: 10.008 GC heap before
{Heap before GC invocations=19 (full 0):
 garbage-first heap   total 225280K, used 159885K [0x0000000080000000, 0x0000000100000000)
  region size 1024K, 93 young (95232K), 9 survivors (9216K)
 Metaspace       used 84203K, capacity 86485K, committed 86860K, reserved 1124352K
  class space    used 10868K, capacity 11720K, committed 11852K, reserved 1048576K
}
Event: 10.021 GC heap after
{Heap after GC invocations=20 (full 0):
 garbage-first heap   total 225280K, used 89088K [0x0000000080000000, 0x0000000100000000)
  region size 1024K, 12 young (12288K), 12 survivors (12288K)
 Metaspace       used 84203K, capacity 86485K, committed 86860K, reserved 1124352K
  class space    used 10868K, capacity 11720K, committed 11852K, reserved 1048576K
}

