# JRE version: OpenJDK Runtime Environment (11.0.10) (build 11.0.10+0-b96-7249189)
# Java VM: OpenJDK 64-Bit Server VM (11.0.10+0-b96-7249189, mixed mode, tiered, compressed oops, g1 gc, windows-amd64)
Heap:
 garbage-first heap   total 425984K, used 144470K [0x0000000080000000, 0x0000000100000000)
  region size 1024K, 3 young (3072K), 3 survivors (3072K)
 Metaspace       used 122817K, capacity 126064K, committed 126336K, reserved 1159168K
  class space    used 15307K, capacity 16488K, committed 16512K, reserved 1048576K
GC Heap History (20 events):
Event: 4689.097 GC heap after
{Heap after GC invocations=38 (full 0):
 garbage-first heap   total 225280K, used 126691K [0x0000000080000000, 0x0000000100000000)
  region size 1024K, 7 young (7168K), 7 survivors (7168K)
 Metaspace       used 108907K, capacity 111476K, committed 112896K, reserved 1146880K
  class space    used 13275K, capacity 14196K, committed 14592K, reserved 1048576K
}
Event: 4689.843 GC heap before
{Heap before GC invocations=39 (full 0):
 garbage-first heap   total 225280K, used 175843K [0x0000000080000000, 0x0000000100000000)
  region size 1024K, 55 young (56320K), 7 survivors (7168K)
 Metaspace       used 110359K, capacity 112959K, committed 114304K, reserved 1148928K
  class space    used 13447K, capacity 14369K, committed 14720K, reserved 1048576K
}
Event: 4689.850 GC heap after
{Heap after GC invocations=40 (full 0):
 garbage-first heap   total 225280K, used 125547K [0x0000000080000000, 0x0000000100000000)
  region size 1024K, 2 young (2048K), 2 survivors (2048K)
 Metaspace       used 110359K, capacity 112959K, committed 114304K, reserved 1148928K
  class space    used 13447K, capacity 14369K, committed 14720K, reserved 1048576K
}
Event: 4689.951 GC heap before
{Heap before GC invocations=40 (full 0):
 garbage-first heap   total 225280K, used 133739K [0x0000000080000000, 0x0000000100000000)
  region size 1024K, 11 young (11264K), 2 survivors (2048K)
 Metaspace       used 110983K, capacity 113567K, committed 114944K, reserved 1148928K
  class space    used 13531K, capacity 14465K, committed 14848K, reserved 1048576K
}
Event: 4689.970 GC heap after
{Heap after GC invocations=41 (full 0):
 garbage-first heap   total 225280K, used 107840K [0x0000000080000000, 0x0000000100000000)
  region size 1024K, 1 young (1024K), 1 survivors (1024K)
 Metaspace       used 110983K, capacity 113567K, committed 114944K, reserved 1148928K
  class space    used 13531K, capacity 14465K, committed 14848K, reserved 1048576K
}
Event: 4691.042 GC heap before
{Heap before GC invocations=41 (full 0):
 garbage-first heap   total 225280K, used 175424K [0x0000000080000000, 0x0000000100000000)
  region size 1024K, 63 young (64512K), 1 survivors (1024K)
 Metaspace       used 113241K, capacity 115837K, committed 117248K, reserved 1150976K
  class space    used 13793K, capacity 14706K, committed 15104K, reserved 1048576K
}
Event: 4691.064 GC heap after
{Heap after GC invocations=42 (full 0):
 garbage-first heap   total 225280K, used 105666K [0x0000000080000000, 0x0000000100000000)
  region size 1024K, 4 young (4096K), 4 survivors (4096K)
 Metaspace       used 113241K, capacity 115837K, committed 117248K, reserved 1150976K
  class space    used 13793K, capacity 14706K, committed 15104K, reserved 1048576K
}
Event: 4691.554 GC heap before
{Heap before GC invocations=43 (full 0):
 garbage-first heap   total 225280K, used 170178K [0x0000000080000000, 0x0000000100000000)
  region size 1024K, 70 young (71680K), 4 survivors (4096K)
 Metaspace       used 114320K, capacity 116969K, committed 118144K, reserved 1153024K
  class space    used 13915K, capacity 14868K, committed 15232K, reserved 1048576K
}
Event: 4691.568 GC heap after
{Heap after GC invocations=44 (full 0):
 garbage-first heap   total 225280K, used 106284K [0x0000000080000000, 0x0000000100000000)
  region size 1024K, 6 young (6144K), 6 survivors (6144K)
 Metaspace       used 114320K, capacity 116969K, committed 118144K, reserved 1153024K
  class space    used 13915K, capacity 14868K, committed 15232K, reserved 1048576K
}
Event: 4691.584 GC heap before
{Heap before GC invocations=44 (full 0):
 garbage-first heap   total 225280K, used 110380K [0x0000000080000000, 0x0000000100000000)
  region size 1024K, 11 young (11264K), 6 survivors (6144K)
 Metaspace       used 114330K, capacity 116971K, committed 118144K, reserved 1153024K
  class space    used 13917K, capacity 14869K, committed 15232K, reserved 1048576K
}
Event: 4691.595 GC heap after
{Heap after GC invocations=45 (full 0):
 garbage-first heap   total 225280K, used 102199K [0x0000000080000000, 0x0000000100000000)
  region size 1024K, 1 young (1024K), 1 survivors (1024K)
 Metaspace       used 114330K, capacity 116971K, committed 118144K, reserved 1153024K
  class space    used 13917K, capacity 14869K, committed 15232K, reserved 1048576K
}
Event: 4691.954 GC heap before
{Heap before GC invocations=45 (full 0):
 garbage-first heap   total 225280K, used 172855K [0x0000000080000000, 0x0000000100000000)
  region size 1024K, 72 young (73728K), 1 survivors (1024K)
 Metaspace       used 115156K, capacity 117862K, committed 118912K, reserved 1153024K
  class space    used 14043K, capacity 14988K, committed 15232K, reserved 1048576K
}
Event: 4691.981 GC heap after
{Heap after GC invocations=46 (full 0):
 garbage-first heap   total 270336K, used 108241K [0x0000000080000000, 0x0000000100000000)
  region size 1024K, 7 young (7168K), 7 survivors (7168K)
 Metaspace       used 115156K, capacity 117862K, committed 118912K, reserved 1153024K
  class space    used 14043K, capacity 14988K, committed 15232K, reserved 1048576K
}
Event: 4692.536 GC heap before
{Heap before GC invocations=46 (full 0):
 garbage-first heap   total 270336K, used 201425K [0x0000000080000000, 0x0000000100000000)
  region size 1024K, 97 young (99328K), 7 survivors (7168K)
 Metaspace       used 117307K, capacity 120147K, committed 120704K, reserved 1155072K
  class space    used 14351K, capacity 15346K, committed 15488K, reserved 1048576K
}
Event: 4692.561 GC heap after
{Heap after GC invocations=47 (full 0):
 garbage-first heap   total 270336K, used 125187K [0x0000000080000000, 0x0000000100000000)
  region size 1024K, 13 young (13312K), 13 survivors (13312K)
 Metaspace       used 117307K, capacity 120147K, committed 120704K, reserved 1155072K
  class space    used 14351K, capacity 15346K, committed 15488K, reserved 1048576K
}
Event: 4692.785 GC heap before
{Heap before GC invocations=47 (full 0):
 garbage-first heap   total 270336K, used 203011K [0x0000000080000000, 0x0000000100000000)
  region size 1024K, 90 young (92160K), 13 survivors (13312K)
 Metaspace       used 119710K, capacity 122757K, committed 123008K, reserved 1157120K
  class space    used 14772K, capacity 15882K, committed 16000K, reserved 1048576K
}
Event: 4692.820 GC heap after
{Heap after GC invocations=48 (full 0):
 garbage-first heap   total 270336K, used 134469K [0x0000000080000000, 0x0000000100000000)
  region size 1024K, 12 young (12288K), 12 survivors (12288K)
 Metaspace       used 119710K, capacity 122757K, committed 123008K, reserved 1157120K
  class space    used 14772K, capacity 15882K, committed 16000K, reserved 1048576K
}
Event: 4693.129 GC heap before
{Heap before GC invocations=48 (full 0):
 garbage-first heap   total 270336K, used 208197K [0x0000000080000000, 0x0000000100000000)
  region size 1024K, 84 young (86016K), 12 survivors (12288K)
 Metaspace       used 122225K, capacity 125503K, committed 125824K, reserved 1159168K
  class space    used 15224K, capacity 16417K, committed 16512K, reserved 1048576K
}
Event: 4693.167 GC heap after
{Heap after GC invocations=49 (full 0):
 garbage-first heap   total 270336K, used 142192K [0x0000000080000000, 0x0000000100000000)
  region size 1024K, 7 young (7168K), 7 survivors (7168K)
 Metaspace       used 122225K, capacity 125503K, committed 125824K, reserved 1159168K
  class space    used 15224K, capacity 16417K, committed 16512K, reserved 1048576K
}
Event: 4693.356 GC heap before
{Heap before GC invocations=49 (full 0):
 garbage-first heap   total 270336K, used 213872K [0x0000000080000000, 0x0000000100000000)
  region size 1024K, 77 young (78848K), 7 survivors (7168K)
 Metaspace       used 122817K, capacity 126064K, committed 126336K, reserved 1159168K
  class space    used 15307K, capacity 16488K, committed 16512K, reserved 1048576K
}

