# JRE version: OpenJDK Runtime Environment (11.0.10) (build 11.0.10+0-b96-7249189)
# Java VM: OpenJDK 64-Bit Server VM (11.0.10+0-b96-7249189, mixed mode, tiered, compressed oops, g1 gc, windows-amd64)
Heap:
 garbage-first heap   total 187392K, used 123757K [0x0000000080000000, 0x0000000100000000)
  region size 1024K, 68 young (69632K), 11 survivors (11264K)
 Metaspace       used 82415K, capacity 84570K, committed 84684K, reserved 1122304K
  class space    used 10652K, capacity 11454K, committed 11520K, reserved 1048576K
GC Heap History (20 events):
Event: 3.653 GC heap before
{Heap before GC invocations=7 (full 0):
 garbage-first heap   total 129024K, used 28289K [0x0000000080000000, 0x0000000100000000)
  region size 1024K, 13 young (13312K), 5 survivors (5120K)
 Metaspace       used 35028K, capacity 35798K, committed 35840K, reserved 1081344K
  class space    used 4534K, capacity 4832K, committed 4864K, reserved 1048576K
}
Event: 3.662 GC heap after
{Heap after GC invocations=8 (full 0):
 garbage-first heap   total 155648K, used 22120K [0x0000000080000000, 0x0000000100000000)
  region size 1024K, 4 young (4096K), 4 survivors (4096K)
 Metaspace       used 35028K, capacity 35798K, committed 35840K, reserved 1081344K
  class space    used 4534K, capacity 4832K, committed 4864K, reserved 1048576K
}
Event: 4.109 GC heap before
{Heap before GC invocations=9 (full 0):
 garbage-first heap   total 155648K, used 81512K [0x0000000080000000, 0x0000000100000000)
  region size 1024K, 60 young (61440K), 4 survivors (4096K)
 Metaspace       used 38952K, capacity 39898K, committed 40192K, reserved 1083392K
  class space    used 4976K, capacity 5319K, committed 5376K, reserved 1048576K
}
Event: 4.115 GC heap after
{Heap after GC invocations=10 (full 0):
 garbage-first heap   total 155648K, used 26439K [0x0000000080000000, 0x0000000100000000)
  region size 1024K, 8 young (8192K), 8 survivors (8192K)
 Metaspace       used 38952K, capacity 39898K, committed 40192K, reserved 1083392K
  class space    used 4976K, capacity 5319K, committed 5376K, reserved 1048576K
}
Event: 4.674 GC heap before
{Heap before GC invocations=10 (full 0):
 garbage-first heap   total 155648K, used 87879K [0x0000000080000000, 0x0000000100000000)
  region size 1024K, 67 young (68608K), 8 survivors (8192K)
 Metaspace       used 44482K, capacity 45567K, committed 45824K, reserved 1089536K
  class space    used 5711K, capacity 6096K, committed 6144K, reserved 1048576K
}
Event: 4.681 GC heap after
{Heap after GC invocations=11 (full 0):
 garbage-first heap   total 155648K, used 28696K [0x0000000080000000, 0x0000000100000000)
  region size 1024K, 7 young (7168K), 7 survivors (7168K)
 Metaspace       used 44482K, capacity 45567K, committed 45824K, reserved 1089536K
  class space    used 5711K, capacity 6096K, committed 6144K, reserved 1048576K
}
Event: 5.498 GC heap before
{Heap before GC invocations=11 (full 0):
 garbage-first heap   total 155648K, used 96280K [0x0000000080000000, 0x0000000100000000)
  region size 1024K, 70 young (71680K), 7 survivors (7168K)
 Metaspace       used 47937K, capacity 49363K, committed 49408K, reserved 1091584K
  class space    used 6125K, capacity 6615K, committed 6656K, reserved 1048576K
}
Event: 5.507 GC heap after
{Heap after GC invocations=12 (full 0):
 garbage-first heap   total 155648K, used 40792K [0x0000000080000000, 0x0000000100000000)
  region size 1024K, 9 young (9216K), 9 survivors (9216K)
 Metaspace       used 47937K, capacity 49363K, committed 49408K, reserved 1091584K
  class space    used 6125K, capacity 6615K, committed 6656K, reserved 1048576K
}
Event: 6.431 GC heap before
{Heap before GC invocations=12 (full 0):
 garbage-first heap   total 155648K, used 103256K [0x0000000080000000, 0x0000000100000000)
  region size 1024K, 70 young (71680K), 9 survivors (9216K)
 Metaspace       used 57236K, capacity 58688K, committed 59008K, reserved 1099776K
  class space    used 7215K, capacity 7737K, committed 7808K, reserved 1048576K
}
Event: 6.439 GC heap after
{Heap after GC invocations=13 (full 0):
 garbage-first heap   total 187392K, used 44349K [0x0000000080000000, 0x0000000100000000)
  region size 1024K, 3 young (3072K), 3 survivors (3072K)
 Metaspace       used 57236K, capacity 58688K, committed 59008K, reserved 1099776K
  class space    used 7215K, capacity 7737K, committed 7808K, reserved 1048576K
}
Event: 6.549 GC heap before
{Heap before GC invocations=13 (full 0):
 garbage-first heap   total 187392K, used 49469K [0x0000000080000000, 0x0000000100000000)
  region size 1024K, 9 young (9216K), 3 survivors (3072K)
 Metaspace       used 58415K, capacity 59985K, committed 60160K, reserved 1101824K
  class space    used 7378K, capacity 7936K, committed 7936K, reserved 1048576K
}
Event: 6.553 GC heap after
{Heap after GC invocations=14 (full 0):
 garbage-first heap   total 187392K, used 44202K [0x0000000080000000, 0x0000000100000000)
  region size 1024K, 3 young (3072K), 3 survivors (3072K)
 Metaspace       used 58415K, capacity 59985K, committed 60160K, reserved 1101824K
  class space    used 7378K, capacity 7936K, committed 7936K, reserved 1048576K
}
Event: 7.373 GC heap before
{Heap before GC invocations=15 (full 0):
 garbage-first heap   total 187392K, used 115882K [0x0000000080000000, 0x0000000100000000)
  region size 1024K, 73 young (74752K), 3 survivors (3072K)
 Metaspace       used 64301K, capacity 65838K, committed 65996K, reserved 1105920K
  class space    used 8134K, capacity 8698K, committed 8704K, reserved 1048576K
}
Event: 7.379 GC heap after
{Heap after GC invocations=16 (full 0):
 garbage-first heap   total 187392K, used 49853K [0x0000000080000000, 0x0000000100000000)
  region size 1024K, 9 young (9216K), 9 survivors (9216K)
 Metaspace       used 64301K, capacity 65838K, committed 65996K, reserved 1105920K
  class space    used 8134K, capacity 8698K, committed 8704K, reserved 1048576K
}
Event: 8.176 GC heap before
{Heap before GC invocations=16 (full 0):
 garbage-first heap   total 187392K, used 123581K [0x0000000080000000, 0x0000000100000000)
  region size 1024K, 81 young (82944K), 9 survivors (9216K)
 Metaspace       used 69923K, capacity 71587K, committed 71884K, reserved 1112064K
  class space    used 8997K, capacity 9604K, committed 9728K, reserved 1048576K
}
Event: 8.186 GC heap after
{Heap after GC invocations=17 (full 0):
 garbage-first heap   total 187392K, used 55622K [0x0000000080000000, 0x0000000100000000)
  region size 1024K, 6 young (6144K), 6 survivors (6144K)
 Metaspace       used 69923K, capacity 71587K, committed 71884K, reserved 1112064K
  class space    used 8997K, capacity 9604K, committed 9728K, reserved 1048576K
}
Event: 9.058 GC heap before
{Heap before GC invocations=17 (full 0):
 garbage-first heap   total 187392K, used 133446K [0x0000000080000000, 0x0000000100000000)
  region size 1024K, 82 young (83968K), 6 survivors (6144K)
 Metaspace       used 76414K, capacity 78263K, committed 78412K, reserved 1118208K
  class space    used 9930K, capacity 10594K, committed 10624K, reserved 1048576K
}
Event: 9.067 GC heap after
{Heap after GC invocations=18 (full 0):
 garbage-first heap   total 187392K, used 59897K [0x0000000080000000, 0x0000000100000000)
  region size 1024K, 11 young (11264K), 11 survivors (11264K)
 Metaspace       used 76414K, capacity 78263K, committed 78412K, reserved 1118208K
  class space    used 9930K, capacity 10594K, committed 10624K, reserved 1048576K
}
Event: 10.514 GC heap before
{Heap before GC invocations=18 (full 0):
 garbage-first heap   total 187392K, used 135673K [0x0000000080000000, 0x0000000100000000)
  region size 1024K, 86 young (88064K), 11 survivors (11264K)
 Metaspace       used 81696K, capacity 83868K, committed 84044K, reserved 1122304K
  class space    used 10603K, capacity 11389K, committed 11392K, reserved 1048576K
}
Event: 10.530 GC heap after
{Heap after GC invocations=19 (full 0):
 garbage-first heap   total 187392K, used 67437K [0x0000000080000000, 0x0000000100000000)
  region size 1024K, 11 young (11264K), 11 survivors (11264K)
 Metaspace       used 81696K, capacity 83868K, committed 84044K, reserved 1122304K
  class space    used 10603K, capacity 11389K, committed 11392K, reserved 1048576K
}

